i:\project\c++\c++_\0x7e9fb\0x7e9fb\release\vc142.pdb
i:\project\c++\c++_\0x7e9fb\0x7e9fb\release\uoload_or_download-function.obj
i:\project\c++\c++_\0x7e9fb\0x7e9fb\release\funtions.obj
i:\project\c++\c++_\0x7e9fb\0x7e9fb\release\file_operation.obj
i:\project\c++\c++_\0x7e9fb\0x7e9fb\release\encryption.obj
i:\project\c++\c++_\0x7e9fb\0x7e9fb\release\control.obj
i:\project\c++\c++_\0x7e9fb\0x7e9fb\release\connect.obj
i:\project\c++\c++_\0x7e9fb\0x7e9fb\release\bypass.obj
i:\project\c++\c++_\0x7e9fb\0x7e9fb\release\anti sendbox.obj
i:\project\c++\c++_\0x7e9fb\release\0x7e9fb-net.exe
i:\project\c++\c++_\0x7e9fb\0x7e9fb\release\0x7e9fb-net.iobj
i:\project\c++\c++_\0x7e9fb\release\0x7e9fb-net.pdb
i:\project\c++\c++_\0x7e9fb\0x7e9fb\release\0x7e9fb-net.res
i:\project\c++\c++_\0x7e9fb\0x7e9fb\release\0x7e9fb-net.ipdb
i:\project\c++\c++_\0x7e9fb\0x7e9fb\release\0x7e9fb-net.tlog\cl.command.1.tlog
i:\project\c++\c++_\0x7e9fb\0x7e9fb\release\0x7e9fb-net.tlog\cl.read.1.tlog
i:\project\c++\c++_\0x7e9fb\0x7e9fb\release\0x7e9fb-net.tlog\cl.write.1.tlog
i:\project\c++\c++_\0x7e9fb\0x7e9fb\release\0x7e9fb-net.tlog\link.command.1.tlog
i:\project\c++\c++_\0x7e9fb\0x7e9fb\release\0x7e9fb-net.tlog\link.read.1.tlog
i:\project\c++\c++_\0x7e9fb\0x7e9fb\release\0x7e9fb-net.tlog\link.write.1.tlog
i:\project\c++\c++_\0x7e9fb\0x7e9fb\release\0x7e9fb-net.tlog\rc.command.1.tlog
i:\project\c++\c++_\0x7e9fb\0x7e9fb\release\0x7e9fb-net.tlog\rc.read.1.tlog
i:\project\c++\c++_\0x7e9fb\0x7e9fb\release\0x7e9fb-net.tlog\rc.write.1.tlog
